
int calc(void)
{
    int v\
al\
ue1 = (1 + 2) * 3;
    int value2 = 2 + (3 * val\
u\
e1);
    return value1 = value2 + 100;
}

---------------------------

   {
    TP_PARSE_TREE_GRAMMER(UNKNOWN_GRAMMER: 30)
    TP_PARSE_TREE_TYPE_NODE
       {
        TP_PARSE_TREE_GRAMMER(UNKNOWN_GRAMMER: 31)
        TP_PARSE_TREE_TYPE_NODE
           {
            TP_PARSE_TREE_GRAMMER(UNKNOWN_GRAMMER: 33)
            TP_PARSE_TREE_TYPE_NODE
               {
                TP_PARSE_TREE_GRAMMER(UNKNOWN_GRAMMER: 135)
                TP_PARSE_TREE_TYPE_NODE
                   {
                    TP_PARSE_TREE_GRAMMER(UNKNOWN_GRAMMER: 180)
                    TP_PARSE_TREE_TYPE_TOKEN
                       {
                        TP_SYMBOL_KEYWORD
                        TP_SYMBOL_UNSPECIFIED_KIND
                        TP_SYMBOL_UNSPECIFIED_TYPE
                         member_line(1)
                         member_column(1)
                         member_string(int)
                        TP_VALUE_TYPE(UNKNOWN_VALUE_TYPE: 0)
                       }

                   }

               }

            TP_PARSE_TREE_TYPE_NODE
               {
                TP_PARSE_TREE_GRAMMER(UNKNOWN_GRAMMER: 144)
                TP_PARSE_TREE_TYPE_NODE
                   {
                    TP_PARSE_TREE_GRAMMER(UNKNOWN_GRAMMER: 146)
                    TP_PARSE_TREE_TYPE_NODE
                       {
                        TP_PARSE_TREE_GRAMMER(UNKNOWN_GRAMMER: 145)
                        TP_PARSE_TREE_TYPE_NODE
                           {
                            TP_PARSE_TREE_GRAMMER(UNKNOWN_GRAMMER: 147)
                            TP_PARSE_TREE_TYPE_TOKEN
                               {
                                TP_SYMBOL_IDENTIFIER
                                TP_SYMBOL_UNSPECIFIED_KIND
                                TP_SYMBOL_UNSPECIFIED_TYPE
                                 member_line(1)
                                 member_column(4)
                                 member_string(calc)
                                TP_VALUE_TYPE(UNKNOWN_VALUE_TYPE: 0)
                               }

                           }

                        TP_PARSE_TREE_TYPE_NODE
                           {
                            TP_PARSE_TREE_GRAMMER(UNKNOWN_GRAMMER: 158)
                            TP_PARSE_TREE_TYPE_TOKEN
                               {
                                TP_SYMBOL_PUNCTUATOR
                                TP_SYMBOL_KIND_LEFT_PARENTHESIS
                                TP_SYMBOL_UNSPECIFIED_TYPE
                                 member_line(1)
                                 member_column(8)
                                 member_string(()
                                TP_VALUE_TYPE(UNKNOWN_VALUE_TYPE: 0)
                               }

                            TP_PARSE_TREE_TYPE_NODE
                               {
                                TP_PARSE_TREE_GRAMMER(UNKNOWN_GRAMMER: 234)
                                TP_PARSE_TREE_TYPE_NODE
                                   {
                                    TP_PARSE_TREE_GRAMMER(UNKNOWN_GRAMMER: 236)
                                    TP_PARSE_TREE_TYPE_NODE
                                       {
                                        TP_PARSE_TREE_GRAMMER(UNKNOWN_GRAMMER: 240)
                                        TP_PARSE_TREE_TYPE_NODE
                                           {
                                            TP_PARSE_TREE_GRAMMER(UNKNOWN_GRAMMER: 135)
                                            TP_PARSE_TREE_TYPE_NODE
                                               {
                                                TP_PARSE_TREE_GRAMMER(UNKNOWN_GRAMMER: 180)
                                                TP_PARSE_TREE_TYPE_TOKEN
                                                   {
                                                    TP_SYMBOL_KEYWORD
                                                    TP_SYMBOL_UNSPECIFIED_KIND
                                                    TP_SYMBOL_UNSPECIFIED_TYPE
                                                     member_line(1)
                                                     member_column(9)
                                                     member_string(void)
                                                    TP_VALUE_TYPE(UNKNOWN_VALUE_TYPE: 0)
                                                   }

                                               }

                                           }

                                       }

                                   }

                               }

                            TP_PARSE_TREE_TYPE_TOKEN
                               {
                                TP_SYMBOL_PUNCTUATOR
                                TP_SYMBOL_KIND_RIGHT_PARENTHESIS
                                TP_SYMBOL_UNSPECIFIED_TYPE
                                 member_line(1)
                                 member_column(13)
                                 member_string())
                                TP_VALUE_TYPE(UNKNOWN_VALUE_TYPE: 0)
                               }

                           }

                       }

                   }

               }

            TP_PARSE_TREE_TYPE_NODE
               {
                TP_PARSE_TREE_GRAMMER(UNKNOWN_GRAMMER: 43)
                TP_PARSE_TREE_TYPE_TOKEN
                   {
                    TP_SYMBOL_PUNCTUATOR
                    TP_SYMBOL_KIND_LEFT_CURLY_BRACKET
                    TP_SYMBOL_UNSPECIFIED_TYPE
                     member_line(2)
                     member_column(15)
                     member_string({)
                    TP_VALUE_TYPE(UNKNOWN_VALUE_TYPE: 0)
                   }

                TP_PARSE_TREE_TYPE_NODE
                   {
                    TP_PARSE_TREE_GRAMMER(UNKNOWN_GRAMMER: 48)
                    TP_PARSE_TREE_TYPE_NODE
                       {
                        TP_PARSE_TREE_GRAMMER(UNKNOWN_GRAMMER: 48)
                        TP_PARSE_TREE_TYPE_NODE
                           {
                            TP_PARSE_TREE_GRAMMER(UNKNOWN_GRAMMER: 50)
                            TP_PARSE_TREE_TYPE_NODE
                               {
                                TP_PARSE_TREE_GRAMMER(UNKNOWN_GRAMMER: 131)
                                TP_PARSE_TREE_TYPE_NODE
                                   {
                                    TP_PARSE_TREE_GRAMMER(UNKNOWN_GRAMMER: 135)
                                    TP_PARSE_TREE_TYPE_NODE
                                       {
                                        TP_PARSE_TREE_GRAMMER(UNKNOWN_GRAMMER: 180)
                                        TP_PARSE_TREE_TYPE_TOKEN
                                           {
                                            TP_SYMBOL_KEYWORD
                                            TP_SYMBOL_UNSPECIFIED_KIND
                                            TP_SYMBOL_UNSPECIFIED_TYPE
                                             member_line(3)
                                             member_column(4)
                                             member_string(int)
                                            TP_VALUE_TYPE(UNKNOWN_VALUE_TYPE: 0)
                                           }

                                       }

                                   }

                                TP_PARSE_TREE_TYPE_NODE
                                   {
                                    TP_PARSE_TREE_GRAMMER(UNKNOWN_GRAMMER: 140)
                                    TP_PARSE_TREE_TYPE_NODE
                                       {
                                        TP_PARSE_TREE_GRAMMER(UNKNOWN_GRAMMER: 141)
                                        TP_PARSE_TREE_TYPE_NODE
                                           {
                                            TP_PARSE_TREE_GRAMMER(UNKNOWN_GRAMMER: 144)
                                            TP_PARSE_TREE_TYPE_NODE
                                               {
                                                TP_PARSE_TREE_GRAMMER(UNKNOWN_GRAMMER: 146)
                                                TP_PARSE_TREE_TYPE_NODE
                                                   {
                                                    TP_PARSE_TREE_GRAMMER(UNKNOWN_GRAMMER: 147)
                                                    TP_PARSE_TREE_TYPE_TOKEN
                                                       {
                                                        TP_SYMBOL_IDENTIFIER
                                                        TP_SYMBOL_UNSPECIFIED_KIND
                                                        TP_SYMBOL_UNSPECIFIED_TYPE
                                                         member_line(5)
                                                         member_column(8)
                                                         member_string(value1)
                                                        TP_VALUE_TYPE(UNKNOWN_VALUE_TYPE: 0)
                                                       }

                                                   }

                                               }

                                           }

                                        TP_PARSE_TREE_TYPE_TOKEN
                                           {
                                            TP_SYMBOL_PUNCTUATOR
                                            TP_SYMBOL_KIND_EQUAL
                                            TP_SYMBOL_UNSPECIFIED_TYPE
                                             member_line(5)
                                             member_column(4)
                                             member_string(=)
                                            TP_VALUE_TYPE(UNKNOWN_VALUE_TYPE: 0)
                                           }

                                        TP_PARSE_TREE_TYPE_NODE
                                           {
                                            TP_PARSE_TREE_GRAMMER(UNKNOWN_GRAMMER: 163)
                                            TP_PARSE_TREE_TYPE_NODE
                                               {
                                                TP_PARSE_TREE_GRAMMER(UNKNOWN_GRAMMER: 80)
                                                TP_PARSE_TREE_TYPE_NODE
                                                   {
                                                    TP_PARSE_TREE_GRAMMER(UNKNOWN_GRAMMER: 130)
                                                    TP_PARSE_TREE_TYPE_NODE
                                                       {
                                                        TP_PARSE_TREE_GRAMMER(UNKNOWN_GRAMMER: 128)
                                                        TP_PARSE_TREE_TYPE_NODE
                                                           {
                                                            TP_PARSE_TREE_GRAMMER(UNKNOWN_GRAMMER: 126)
                                                            TP_PARSE_TREE_TYPE_NODE
                                                               {
                                                                TP_PARSE_TREE_GRAMMER(UNKNOWN_GRAMMER: 124)
                                                                TP_PARSE_TREE_TYPE_NODE
                                                                   {
                                                                    TP_PARSE_TREE_GRAMMER(UNKNOWN_GRAMMER: 122)
                                                                    TP_PARSE_TREE_TYPE_NODE
                                                                       {
                                                                        TP_PARSE_TREE_GRAMMER(UNKNOWN_GRAMMER: 120)
                                                                        TP_PARSE_TREE_TYPE_NODE
                                                                           {
                                                                            TP_PARSE_TREE_GRAMMER(UNKNOWN_GRAMMER: 118)
                                                                            TP_PARSE_TREE_TYPE_NODE
                                                                               {
                                                                                TP_PARSE_TREE_GRAMMER(UNKNOWN_GRAMMER: 116)
                                                                                TP_PARSE_TREE_TYPE_NODE
                                                                                   {
                                                                                    TP_PARSE_TREE_GRAMMER(UNKNOWN_GRAMMER: 114)
                                                                                    TP_PARSE_TREE_TYPE_NODE
                                                                                       {
                                                                                        TP_PARSE_TREE_GRAMMER(UNKNOWN_GRAMMER: 111)
                                                                                        TP_PARSE_TREE_TYPE_NODE
                                                                                           {
                                                                                            TP_PARSE_TREE_GRAMMER(UNKNOWN_GRAMMER: 109)
                                                                                            TP_PARSE_TREE_TYPE_NODE
                                                                                               {
                                                                                                TP_PARSE_TREE_GRAMMER(UNKNOWN_GRAMMER: 103)
                                                                                                TP_PARSE_TREE_TYPE_NODE
                                                                                                   {
                                                                                                    TP_PARSE_TREE_GRAMMER(UNKNOWN_GRAMMER: 93)
                                                                                                    TP_PARSE_TREE_TYPE_NODE
                                                                                                       {
                                                                                                        TP_PARSE_TREE_GRAMMER(UNKNOWN_GRAMMER: 85)
                                                                                                        TP_PARSE_TREE_TYPE_TOKEN
                                                                                                           {
                                                                                                            TP_SYMBOL_PUNCTUATOR
                                                                                                            TP_SYMBOL_KIND_LEFT_PARENTHESIS
                                                                                                            TP_SYMBOL_UNSPECIFIED_TYPE
                                                                                                             member_line(5)
                                                                                                             member_column(6)
                                                                                                             member_string(()
                                                                                                            TP_VALUE_TYPE(UNKNOWN_VALUE_TYPE: 0)
                                                                                                           }

                                                                                                        TP_PARSE_TREE_TYPE_NODE
                                                                                                           {
                                                                                                            TP_PARSE_TREE_GRAMMER(UNKNOWN_GRAMMER: 77)
                                                                                                            TP_PARSE_TREE_TYPE_NODE
                                                                                                               {
                                                                                                                TP_PARSE_TREE_GRAMMER(UNKNOWN_GRAMMER: 80)
                                                                                                                TP_PARSE_TREE_TYPE_NODE
                                                                                                                   {
                                                                                                                    TP_PARSE_TREE_GRAMMER(UNKNOWN_GRAMMER: 130)
                                                                                                                    TP_PARSE_TREE_TYPE_NODE
                                                                                                                       {
                                                                                                                        TP_PARSE_TREE_GRAMMER(UNKNOWN_GRAMMER: 128)
                                                                                                                        TP_PARSE_TREE_TYPE_NODE
                                                                                                                           {
                                                                                                                            TP_PARSE_TREE_GRAMMER(UNKNOWN_GRAMMER: 126)
                                                                                                                            TP_PARSE_TREE_TYPE_NODE
                                                                                                                               {
                                                                                                                                TP_PARSE_TREE_GRAMMER(UNKNOWN_GRAMMER: 124)
                                                                                                                                TP_PARSE_TREE_TYPE_NODE
                                                                                                                                   {
                                                                                                                                    TP_PARSE_TREE_GRAMMER(UNKNOWN_GRAMMER: 122)
                                                                                                                                    TP_PARSE_TREE_TYPE_NODE
                                                                                                                                       {
                                                                                                                                        TP_PARSE_TREE_GRAMMER(UNKNOWN_GRAMMER: 120)
                                                                                                                                        TP_PARSE_TREE_TYPE_NODE
                                                                                                                                           {
                                                                                                                                            TP_PARSE_TREE_GRAMMER(UNKNOWN_GRAMMER: 118)
                                                                                                                                            TP_PARSE_TREE_TYPE_NODE
                                                                                                                                               {
                                                                                                                                                TP_PARSE_TREE_GRAMMER(UNKNOWN_GRAMMER: 116)
                                                                                                                                                TP_PARSE_TREE_TYPE_NODE
                                                                                                                                                   {
                                                                                                                                                    TP_PARSE_TREE_GRAMMER(UNKNOWN_GRAMMER: 113)
                                                                                                                                                    TP_PARSE_TREE_TYPE_NODE
                                                                                                                                                       {
                                                                                                                                                        TP_PARSE_TREE_GRAMMER(UNKNOWN_GRAMMER: 112)
                                                                                                                                                        TP_PARSE_TREE_TYPE_NODE
                                                                                                                                                           {
                                                                                                                                                            TP_PARSE_TREE_GRAMMER(UNKNOWN_GRAMMER: 109)
                                                                                                                                                            TP_PARSE_TREE_TYPE_NODE
                                                                                                                                                               {
                                                                                                                                                                TP_PARSE_TREE_GRAMMER(UNKNOWN_GRAMMER: 103)
                                                                                                                                                                TP_PARSE_TREE_TYPE_NODE
                                                                                                                                                                   {
                                                                                                                                                                    TP_PARSE_TREE_GRAMMER(UNKNOWN_GRAMMER: 93)
                                                                                                                                                                    TP_PARSE_TREE_TYPE_NODE
                                                                                                                                                                       {
                                                                                                                                                                        TP_PARSE_TREE_GRAMMER(UNKNOWN_GRAMMER: 83)
                                                                                                                                                                        TP_PARSE_TREE_TYPE_TOKEN
                                                                                                                                                                           {
                                                                                                                                                                            TP_SYMBOL_CONSTANT
                                                                                                                                                                            TP_SYMBOL_KIND_INTEGER_CONSTANT
                                                                                                                                                                            TP_SYMBOL_UNSPECIFIED_TYPE
                                                                                                                                                                             member_line(5)
                                                                                                                                                                             member_column(7)
                                                                                                                                                                             member_string(1)
                                                                                                                                                                             member_int_value(1)
                                                                                                                                                                           }

                                                                                                                                                                       }

                                                                                                                                                                   }

                                                                                                                                                               }

                                                                                                                                                           }

                                                                                                                                                       }

                                                                                                                                                    TP_PARSE_TREE_TYPE_TOKEN
                                                                                                                                                       {
                                                                                                                                                        TP_SYMBOL_PUNCTUATOR
                                                                                                                                                        TP_SYMBOL_KIND_PLUS
                                                                                                                                                        TP_SYMBOL_UNSPECIFIED_TYPE
                                                                                                                                                         member_line(5)
                                                                                                                                                         member_column(9)
                                                                                                                                                         member_string(+)
                                                                                                                                                        TP_VALUE_TYPE(UNKNOWN_VALUE_TYPE: 0)
                                                                                                                                                       }

                                                                                                                                                    TP_PARSE_TREE_TYPE_NODE
                                                                                                                                                       {
                                                                                                                                                        TP_PARSE_TREE_GRAMMER(UNKNOWN_GRAMMER: 112)
                                                                                                                                                        TP_PARSE_TREE_TYPE_NODE
                                                                                                                                                           {
                                                                                                                                                            TP_PARSE_TREE_GRAMMER(UNKNOWN_GRAMMER: 109)
                                                                                                                                                            TP_PARSE_TREE_TYPE_NODE
                                                                                                                                                               {
                                                                                                                                                                TP_PARSE_TREE_GRAMMER(UNKNOWN_GRAMMER: 103)
                                                                                                                                                                TP_PARSE_TREE_TYPE_NODE
                                                                                                                                                                   {
                                                                                                                                                                    TP_PARSE_TREE_GRAMMER(UNKNOWN_GRAMMER: 93)
                                                                                                                                                                    TP_PARSE_TREE_TYPE_NODE
                                                                                                                                                                       {
                                                                                                                                                                        TP_PARSE_TREE_GRAMMER(UNKNOWN_GRAMMER: 83)
                                                                                                                                                                        TP_PARSE_TREE_TYPE_TOKEN
                                                                                                                                                                           {
                                                                                                                                                                            TP_SYMBOL_CONSTANT
                                                                                                                                                                            TP_SYMBOL_KIND_INTEGER_CONSTANT
                                                                                                                                                                            TP_SYMBOL_UNSPECIFIED_TYPE
                                                                                                                                                                             member_line(5)
                                                                                                                                                                             member_column(11)
                                                                                                                                                                             member_string(2)
                                                                                                                                                                             member_int_value(2)
                                                                                                                                                                           }

                                                                                                                                                                       }

                                                                                                                                                                   }

                                                                                                                                                               }

                                                                                                                                                           }

                                                                                                                                                       }

                                                                                                                                                   }

                                                                                                                                               }

                                                                                                                                           }

                                                                                                                                       }

                                                                                                                                   }

                                                                                                                               }

                                                                                                                           }

                                                                                                                       }

                                                                                                                   }

                                                                                                               }

                                                                                                           }

                                                                                                        TP_PARSE_TREE_TYPE_TOKEN
                                                                                                           {
                                                                                                            TP_SYMBOL_PUNCTUATOR
                                                                                                            TP_SYMBOL_KIND_RIGHT_PARENTHESIS
                                                                                                            TP_SYMBOL_UNSPECIFIED_TYPE
                                                                                                             member_line(5)
                                                                                                             member_column(12)
                                                                                                             member_string())
                                                                                                            TP_VALUE_TYPE(UNKNOWN_VALUE_TYPE: 0)
                                                                                                           }

                                                                                                       }

                                                                                                   }

                                                                                               }

                                                                                           }

                                                                                        TP_PARSE_TREE_TYPE_TOKEN
                                                                                           {
                                                                                            TP_SYMBOL_PUNCTUATOR
                                                                                            TP_SYMBOL_KIND_ASTERISK
                                                                                            TP_SYMBOL_UNSPECIFIED_TYPE
                                                                                             member_line(5)
                                                                                             member_column(14)
                                                                                             member_string(*)
                                                                                            TP_VALUE_TYPE(UNKNOWN_VALUE_TYPE: 0)
                                                                                           }

                                                                                        TP_PARSE_TREE_TYPE_NODE
                                                                                           {
                                                                                            TP_PARSE_TREE_GRAMMER(UNKNOWN_GRAMMER: 109)
                                                                                            TP_PARSE_TREE_TYPE_NODE
                                                                                               {
                                                                                                TP_PARSE_TREE_GRAMMER(UNKNOWN_GRAMMER: 103)
                                                                                                TP_PARSE_TREE_TYPE_NODE
                                                                                                   {
                                                                                                    TP_PARSE_TREE_GRAMMER(UNKNOWN_GRAMMER: 93)
                                                                                                    TP_PARSE_TREE_TYPE_NODE
                                                                                                       {
                                                                                                        TP_PARSE_TREE_GRAMMER(UNKNOWN_GRAMMER: 83)
                                                                                                        TP_PARSE_TREE_TYPE_TOKEN
                                                                                                           {
                                                                                                            TP_SYMBOL_CONSTANT
                                                                                                            TP_SYMBOL_KIND_INTEGER_CONSTANT
                                                                                                            TP_SYMBOL_UNSPECIFIED_TYPE
                                                                                                             member_line(5)
                                                                                                             member_column(16)
                                                                                                             member_string(3)
                                                                                                             member_int_value(3)
                                                                                                           }

                                                                                                       }

                                                                                                   }

                                                                                               }

                                                                                           }

                                                                                       }

                                                                                   }

                                                                               }

                                                                           }

                                                                       }

                                                                   }

                                                               }

                                                           }

                                                       }

                                                   }

                                               }

                                           }

                                       }

                                   }

                                TP_PARSE_TREE_TYPE_TOKEN
                                   {
                                    TP_SYMBOL_PUNCTUATOR
                                    TP_SYMBOL_KIND_SEMICOLON
                                    TP_SYMBOL_UNSPECIFIED_TYPE
                                     member_line(5)
                                     member_column(17)
                                     member_string(;)
                                    TP_VALUE_TYPE(UNKNOWN_VALUE_TYPE: 0)
                                   }

                               }

                           }

                        TP_PARSE_TREE_TYPE_NODE
                           {
                            TP_PARSE_TREE_GRAMMER(UNKNOWN_GRAMMER: 50)
                            TP_PARSE_TREE_TYPE_NODE
                               {
                                TP_PARSE_TREE_GRAMMER(UNKNOWN_GRAMMER: 131)
                                TP_PARSE_TREE_TYPE_NODE
                                   {
                                    TP_PARSE_TREE_GRAMMER(UNKNOWN_GRAMMER: 135)
                                    TP_PARSE_TREE_TYPE_NODE
                                       {
                                        TP_PARSE_TREE_GRAMMER(UNKNOWN_GRAMMER: 180)
                                        TP_PARSE_TREE_TYPE_TOKEN
                                           {
                                            TP_SYMBOL_KEYWORD
                                            TP_SYMBOL_UNSPECIFIED_KIND
                                            TP_SYMBOL_UNSPECIFIED_TYPE
                                             member_line(6)
                                             member_column(4)
                                             member_string(int)
                                            TP_VALUE_TYPE(UNKNOWN_VALUE_TYPE: 0)
                                           }

                                       }

                                   }

                                TP_PARSE_TREE_TYPE_NODE
                                   {
                                    TP_PARSE_TREE_GRAMMER(UNKNOWN_GRAMMER: 140)
                                    TP_PARSE_TREE_TYPE_NODE
                                       {
                                        TP_PARSE_TREE_GRAMMER(UNKNOWN_GRAMMER: 141)
                                        TP_PARSE_TREE_TYPE_NODE
                                           {
                                            TP_PARSE_TREE_GRAMMER(UNKNOWN_GRAMMER: 144)
                                            TP_PARSE_TREE_TYPE_NODE
                                               {
                                                TP_PARSE_TREE_GRAMMER(UNKNOWN_GRAMMER: 146)
                                                TP_PARSE_TREE_TYPE_NODE
                                                   {
                                                    TP_PARSE_TREE_GRAMMER(UNKNOWN_GRAMMER: 147)
                                                    TP_PARSE_TREE_TYPE_TOKEN
                                                       {
                                                        TP_SYMBOL_IDENTIFIER
                                                        TP_SYMBOL_UNSPECIFIED_KIND
                                                        TP_SYMBOL_UNSPECIFIED_TYPE
                                                         member_line(6)
                                                         member_column(8)
                                                         member_string(value2)
                                                        TP_VALUE_TYPE(UNKNOWN_VALUE_TYPE: 0)
                                                       }

                                                   }

                                               }

                                           }

                                        TP_PARSE_TREE_TYPE_TOKEN
                                           {
                                            TP_SYMBOL_PUNCTUATOR
                                            TP_SYMBOL_KIND_EQUAL
                                            TP_SYMBOL_UNSPECIFIED_TYPE
                                             member_line(6)
                                             member_column(15)
                                             member_string(=)
                                            TP_VALUE_TYPE(UNKNOWN_VALUE_TYPE: 0)
                                           }

                                        TP_PARSE_TREE_TYPE_NODE
                                           {
                                            TP_PARSE_TREE_GRAMMER(UNKNOWN_GRAMMER: 163)
                                            TP_PARSE_TREE_TYPE_NODE
                                               {
                                                TP_PARSE_TREE_GRAMMER(UNKNOWN_GRAMMER: 80)
                                                TP_PARSE_TREE_TYPE_NODE
                                                   {
                                                    TP_PARSE_TREE_GRAMMER(UNKNOWN_GRAMMER: 130)
                                                    TP_PARSE_TREE_TYPE_NODE
                                                       {
                                                        TP_PARSE_TREE_GRAMMER(UNKNOWN_GRAMMER: 128)
                                                        TP_PARSE_TREE_TYPE_NODE
                                                           {
                                                            TP_PARSE_TREE_GRAMMER(UNKNOWN_GRAMMER: 126)
                                                            TP_PARSE_TREE_TYPE_NODE
                                                               {
                                                                TP_PARSE_TREE_GRAMMER(UNKNOWN_GRAMMER: 124)
                                                                TP_PARSE_TREE_TYPE_NODE
                                                                   {
                                                                    TP_PARSE_TREE_GRAMMER(UNKNOWN_GRAMMER: 122)
                                                                    TP_PARSE_TREE_TYPE_NODE
                                                                       {
                                                                        TP_PARSE_TREE_GRAMMER(UNKNOWN_GRAMMER: 120)
                                                                        TP_PARSE_TREE_TYPE_NODE
                                                                           {
                                                                            TP_PARSE_TREE_GRAMMER(UNKNOWN_GRAMMER: 118)
                                                                            TP_PARSE_TREE_TYPE_NODE
                                                                               {
                                                                                TP_PARSE_TREE_GRAMMER(UNKNOWN_GRAMMER: 116)
                                                                                TP_PARSE_TREE_TYPE_NODE
                                                                                   {
                                                                                    TP_PARSE_TREE_GRAMMER(UNKNOWN_GRAMMER: 113)
                                                                                    TP_PARSE_TREE_TYPE_NODE
                                                                                       {
                                                                                        TP_PARSE_TREE_GRAMMER(UNKNOWN_GRAMMER: 112)
                                                                                        TP_PARSE_TREE_TYPE_NODE
                                                                                           {
                                                                                            TP_PARSE_TREE_GRAMMER(UNKNOWN_GRAMMER: 109)
                                                                                            TP_PARSE_TREE_TYPE_NODE
                                                                                               {
                                                                                                TP_PARSE_TREE_GRAMMER(UNKNOWN_GRAMMER: 103)
                                                                                                TP_PARSE_TREE_TYPE_NODE
                                                                                                   {
                                                                                                    TP_PARSE_TREE_GRAMMER(UNKNOWN_GRAMMER: 93)
                                                                                                    TP_PARSE_TREE_TYPE_NODE
                                                                                                       {
                                                                                                        TP_PARSE_TREE_GRAMMER(UNKNOWN_GRAMMER: 83)
                                                                                                        TP_PARSE_TREE_TYPE_TOKEN
                                                                                                           {
                                                                                                            TP_SYMBOL_CONSTANT
                                                                                                            TP_SYMBOL_KIND_INTEGER_CONSTANT
                                                                                                            TP_SYMBOL_UNSPECIFIED_TYPE
                                                                                                             member_line(6)
                                                                                                             member_column(17)
                                                                                                             member_string(2)
                                                                                                             member_int_value(2)
                                                                                                           }

                                                                                                       }

                                                                                                   }

                                                                                               }

                                                                                           }

                                                                                       }

                                                                                    TP_PARSE_TREE_TYPE_TOKEN
                                                                                       {
                                                                                        TP_SYMBOL_PUNCTUATOR
                                                                                        TP_SYMBOL_KIND_PLUS
                                                                                        TP_SYMBOL_UNSPECIFIED_TYPE
                                                                                         member_line(6)
                                                                                         member_column(19)
                                                                                         member_string(+)
                                                                                        TP_VALUE_TYPE(UNKNOWN_VALUE_TYPE: 0)
                                                                                       }

                                                                                    TP_PARSE_TREE_TYPE_NODE
                                                                                       {
                                                                                        TP_PARSE_TREE_GRAMMER(UNKNOWN_GRAMMER: 112)
                                                                                        TP_PARSE_TREE_TYPE_NODE
                                                                                           {
                                                                                            TP_PARSE_TREE_GRAMMER(UNKNOWN_GRAMMER: 109)
                                                                                            TP_PARSE_TREE_TYPE_NODE
                                                                                               {
                                                                                                TP_PARSE_TREE_GRAMMER(UNKNOWN_GRAMMER: 103)
                                                                                                TP_PARSE_TREE_TYPE_NODE
                                                                                                   {
                                                                                                    TP_PARSE_TREE_GRAMMER(UNKNOWN_GRAMMER: 93)
                                                                                                    TP_PARSE_TREE_TYPE_NODE
                                                                                                       {
                                                                                                        TP_PARSE_TREE_GRAMMER(UNKNOWN_GRAMMER: 85)
                                                                                                        TP_PARSE_TREE_TYPE_TOKEN
                                                                                                           {
                                                                                                            TP_SYMBOL_PUNCTUATOR
                                                                                                            TP_SYMBOL_KIND_LEFT_PARENTHESIS
                                                                                                            TP_SYMBOL_UNSPECIFIED_TYPE
                                                                                                             member_line(6)
                                                                                                             member_column(21)
                                                                                                             member_string(()
                                                                                                            TP_VALUE_TYPE(UNKNOWN_VALUE_TYPE: 0)
                                                                                                           }

                                                                                                        TP_PARSE_TREE_TYPE_NODE
                                                                                                           {
                                                                                                            TP_PARSE_TREE_GRAMMER(UNKNOWN_GRAMMER: 77)
                                                                                                            TP_PARSE_TREE_TYPE_NODE
                                                                                                               {
                                                                                                                TP_PARSE_TREE_GRAMMER(UNKNOWN_GRAMMER: 80)
                                                                                                                TP_PARSE_TREE_TYPE_NODE
                                                                                                                   {
                                                                                                                    TP_PARSE_TREE_GRAMMER(UNKNOWN_GRAMMER: 130)
                                                                                                                    TP_PARSE_TREE_TYPE_NODE
                                                                                                                       {
                                                                                                                        TP_PARSE_TREE_GRAMMER(UNKNOWN_GRAMMER: 128)
                                                                                                                        TP_PARSE_TREE_TYPE_NODE
                                                                                                                           {
                                                                                                                            TP_PARSE_TREE_GRAMMER(UNKNOWN_GRAMMER: 126)
                                                                                                                            TP_PARSE_TREE_TYPE_NODE
                                                                                                                               {
                                                                                                                                TP_PARSE_TREE_GRAMMER(UNKNOWN_GRAMMER: 124)
                                                                                                                                TP_PARSE_TREE_TYPE_NODE
                                                                                                                                   {
                                                                                                                                    TP_PARSE_TREE_GRAMMER(UNKNOWN_GRAMMER: 122)
                                                                                                                                    TP_PARSE_TREE_TYPE_NODE
                                                                                                                                       {
                                                                                                                                        TP_PARSE_TREE_GRAMMER(UNKNOWN_GRAMMER: 120)
                                                                                                                                        TP_PARSE_TREE_TYPE_NODE
                                                                                                                                           {
                                                                                                                                            TP_PARSE_TREE_GRAMMER(UNKNOWN_GRAMMER: 118)
                                                                                                                                            TP_PARSE_TREE_TYPE_NODE
                                                                                                                                               {
                                                                                                                                                TP_PARSE_TREE_GRAMMER(UNKNOWN_GRAMMER: 116)
                                                                                                                                                TP_PARSE_TREE_TYPE_NODE
                                                                                                                                                   {
                                                                                                                                                    TP_PARSE_TREE_GRAMMER(UNKNOWN_GRAMMER: 114)
                                                                                                                                                    TP_PARSE_TREE_TYPE_NODE
                                                                                                                                                       {
                                                                                                                                                        TP_PARSE_TREE_GRAMMER(UNKNOWN_GRAMMER: 111)
                                                                                                                                                        TP_PARSE_TREE_TYPE_NODE
                                                                                                                                                           {
                                                                                                                                                            TP_PARSE_TREE_GRAMMER(UNKNOWN_GRAMMER: 109)
                                                                                                                                                            TP_PARSE_TREE_TYPE_NODE
                                                                                                                                                               {
                                                                                                                                                                TP_PARSE_TREE_GRAMMER(UNKNOWN_GRAMMER: 103)
                                                                                                                                                                TP_PARSE_TREE_TYPE_NODE
                                                                                                                                                                   {
                                                                                                                                                                    TP_PARSE_TREE_GRAMMER(UNKNOWN_GRAMMER: 93)
                                                                                                                                                                    TP_PARSE_TREE_TYPE_NODE
                                                                                                                                                                       {
                                                                                                                                                                        TP_PARSE_TREE_GRAMMER(UNKNOWN_GRAMMER: 83)
                                                                                                                                                                        TP_PARSE_TREE_TYPE_TOKEN
                                                                                                                                                                           {
                                                                                                                                                                            TP_SYMBOL_CONSTANT
                                                                                                                                                                            TP_SYMBOL_KIND_INTEGER_CONSTANT
                                                                                                                                                                            TP_SYMBOL_UNSPECIFIED_TYPE
                                                                                                                                                                             member_line(6)
                                                                                                                                                                             member_column(22)
                                                                                                                                                                             member_string(3)
                                                                                                                                                                             member_int_value(3)
                                                                                                                                                                           }

                                                                                                                                                                       }

                                                                                                                                                                   }

                                                                                                                                                               }

                                                                                                                                                           }

                                                                                                                                                        TP_PARSE_TREE_TYPE_TOKEN
                                                                                                                                                           {
                                                                                                                                                            TP_SYMBOL_PUNCTUATOR
                                                                                                                                                            TP_SYMBOL_KIND_ASTERISK
                                                                                                                                                            TP_SYMBOL_UNSPECIFIED_TYPE
                                                                                                                                                             member_line(6)
                                                                                                                                                             member_column(24)
                                                                                                                                                             member_string(*)
                                                                                                                                                            TP_VALUE_TYPE(UNKNOWN_VALUE_TYPE: 0)
                                                                                                                                                           }

                                                                                                                                                        TP_PARSE_TREE_TYPE_NODE
                                                                                                                                                           {
                                                                                                                                                            TP_PARSE_TREE_GRAMMER(UNKNOWN_GRAMMER: 109)
                                                                                                                                                            TP_PARSE_TREE_TYPE_NODE
                                                                                                                                                               {
                                                                                                                                                                TP_PARSE_TREE_GRAMMER(UNKNOWN_GRAMMER: 103)
                                                                                                                                                                TP_PARSE_TREE_TYPE_NODE
                                                                                                                                                                   {
                                                                                                                                                                    TP_PARSE_TREE_GRAMMER(UNKNOWN_GRAMMER: 93)
                                                                                                                                                                    TP_PARSE_TREE_TYPE_NODE
                                                                                                                                                                       {
                                                                                                                                                                        TP_PARSE_TREE_GRAMMER(UNKNOWN_GRAMMER: 82)
                                                                                                                                                                        TP_PARSE_TREE_TYPE_TOKEN
                                                                                                                                                                           {
                                                                                                                                                                            TP_SYMBOL_IDENTIFIER
                                                                                                                                                                            TP_SYMBOL_UNSPECIFIED_KIND
                                                                                                                                                                            TP_SYMBOL_UNSPECIFIED_TYPE
                                                                                                                                                                             member_line(8)
                                                                                                                                                                             member_column(26)
                                                                                                                                                                             member_string(value1)
                                                                                                                                                                            TP_VALUE_TYPE(UNKNOWN_VALUE_TYPE: 0)
                                                                                                                                                                           }

                                                                                                                                                                       }

                                                                                                                                                                   }

                                                                                                                                                               }

                                                                                                                                                           }

                                                                                                                                                       }

                                                                                                                                                   }

                                                                                                                                               }

                                                                                                                                           }

                                                                                                                                       }

                                                                                                                                   }

                                                                                                                               }

                                                                                                                           }

                                                                                                                       }

                                                                                                                   }

                                                                                                               }

                                                                                                           }

                                                                                                        TP_PARSE_TREE_TYPE_TOKEN
                                                                                                           {
                                                                                                            TP_SYMBOL_PUNCTUATOR
                                                                                                            TP_SYMBOL_KIND_RIGHT_PARENTHESIS
                                                                                                            TP_SYMBOL_UNSPECIFIED_TYPE
                                                                                                             member_line(8)
                                                                                                             member_column(2)
                                                                                                             member_string())
                                                                                                            TP_VALUE_TYPE(UNKNOWN_VALUE_TYPE: 0)
                                                                                                           }

                                                                                                       }

                                                                                                   }

                                                                                               }

                                                                                           }

                                                                                       }

                                                                                   }

                                                                               }

                                                                           }

                                                                       }

                                                                   }

                                                               }

                                                           }

                                                       }

                                                   }

                                               }

                                           }

                                       }

                                   }

                                TP_PARSE_TREE_TYPE_TOKEN
                                   {
                                    TP_SYMBOL_PUNCTUATOR
                                    TP_SYMBOL_KIND_SEMICOLON
                                    TP_SYMBOL_UNSPECIFIED_TYPE
                                     member_line(8)
                                     member_column(3)
                                     member_string(;)
                                    TP_VALUE_TYPE(UNKNOWN_VALUE_TYPE: 0)
                                   }

                               }

                           }

                       }

                    TP_PARSE_TREE_TYPE_NODE
                       {
                        TP_PARSE_TREE_GRAMMER(UNKNOWN_GRAMMER: 51)
                        TP_PARSE_TREE_TYPE_NODE
                           {
                            TP_PARSE_TREE_GRAMMER(UNKNOWN_GRAMMER: 42)
                            TP_PARSE_TREE_TYPE_NODE
                               {
                                TP_PARSE_TREE_GRAMMER(UNKNOWN_GRAMMER: 74)
                                TP_PARSE_TREE_TYPE_TOKEN
                                   {
                                    TP_SYMBOL_KEYWORD
                                    TP_SYMBOL_UNSPECIFIED_KIND
                                    TP_SYMBOL_UNSPECIFIED_TYPE
                                     member_line(9)
                                     member_column(4)
                                     member_string(return)
                                    TP_VALUE_TYPE(UNKNOWN_VALUE_TYPE: 0)
                                   }

                                TP_PARSE_TREE_TYPE_NODE
                                   {
                                    TP_PARSE_TREE_GRAMMER(UNKNOWN_GRAMMER: 77)
                                    TP_PARSE_TREE_TYPE_NODE
                                       {
                                        TP_PARSE_TREE_GRAMMER(UNKNOWN_GRAMMER: 79)
                                        TP_PARSE_TREE_TYPE_NODE
                                           {
                                            TP_PARSE_TREE_GRAMMER(UNKNOWN_GRAMMER: 103)
                                            TP_PARSE_TREE_TYPE_NODE
                                               {
                                                TP_PARSE_TREE_GRAMMER(UNKNOWN_GRAMMER: 93)
                                                TP_PARSE_TREE_TYPE_NODE
                                                   {
                                                    TP_PARSE_TREE_GRAMMER(UNKNOWN_GRAMMER: 82)
                                                    TP_PARSE_TREE_TYPE_TOKEN
                                                       {
                                                        TP_SYMBOL_IDENTIFIER
                                                        TP_SYMBOL_UNSPECIFIED_KIND
                                                        TP_SYMBOL_UNSPECIFIED_TYPE
                                                         member_line(9)
                                                         member_column(11)
                                                         member_string(value1)
                                                        TP_VALUE_TYPE(UNKNOWN_VALUE_TYPE: 0)
                                                       }

                                                   }

                                               }

                                           }

                                        TP_PARSE_TREE_TYPE_TOKEN
                                           {
                                            TP_SYMBOL_PUNCTUATOR
                                            TP_SYMBOL_KIND_EQUAL
                                            TP_SYMBOL_UNSPECIFIED_TYPE
                                             member_line(9)
                                             member_column(18)
                                             member_string(=)
                                            TP_VALUE_TYPE(UNKNOWN_VALUE_TYPE: 0)
                                           }

                                        TP_PARSE_TREE_TYPE_NODE
                                           {
                                            TP_PARSE_TREE_GRAMMER(UNKNOWN_GRAMMER: 80)
                                            TP_PARSE_TREE_TYPE_NODE
                                               {
                                                TP_PARSE_TREE_GRAMMER(UNKNOWN_GRAMMER: 130)
                                                TP_PARSE_TREE_TYPE_NODE
                                                   {
                                                    TP_PARSE_TREE_GRAMMER(UNKNOWN_GRAMMER: 128)
                                                    TP_PARSE_TREE_TYPE_NODE
                                                       {
                                                        TP_PARSE_TREE_GRAMMER(UNKNOWN_GRAMMER: 126)
                                                        TP_PARSE_TREE_TYPE_NODE
                                                           {
                                                            TP_PARSE_TREE_GRAMMER(UNKNOWN_GRAMMER: 124)
                                                            TP_PARSE_TREE_TYPE_NODE
                                                               {
                                                                TP_PARSE_TREE_GRAMMER(UNKNOWN_GRAMMER: 122)
                                                                TP_PARSE_TREE_TYPE_NODE
                                                                   {
                                                                    TP_PARSE_TREE_GRAMMER(UNKNOWN_GRAMMER: 120)
                                                                    TP_PARSE_TREE_TYPE_NODE
                                                                       {
                                                                        TP_PARSE_TREE_GRAMMER(UNKNOWN_GRAMMER: 118)
                                                                        TP_PARSE_TREE_TYPE_NODE
                                                                           {
                                                                            TP_PARSE_TREE_GRAMMER(UNKNOWN_GRAMMER: 116)
                                                                            TP_PARSE_TREE_TYPE_NODE
                                                                               {
                                                                                TP_PARSE_TREE_GRAMMER(UNKNOWN_GRAMMER: 113)
                                                                                TP_PARSE_TREE_TYPE_NODE
                                                                                   {
                                                                                    TP_PARSE_TREE_GRAMMER(UNKNOWN_GRAMMER: 112)
                                                                                    TP_PARSE_TREE_TYPE_NODE
                                                                                       {
                                                                                        TP_PARSE_TREE_GRAMMER(UNKNOWN_GRAMMER: 109)
                                                                                        TP_PARSE_TREE_TYPE_NODE
                                                                                           {
                                                                                            TP_PARSE_TREE_GRAMMER(UNKNOWN_GRAMMER: 103)
                                                                                            TP_PARSE_TREE_TYPE_NODE
                                                                                               {
                                                                                                TP_PARSE_TREE_GRAMMER(UNKNOWN_GRAMMER: 93)
                                                                                                TP_PARSE_TREE_TYPE_NODE
                                                                                                   {
                                                                                                    TP_PARSE_TREE_GRAMMER(UNKNOWN_GRAMMER: 82)
                                                                                                    TP_PARSE_TREE_TYPE_TOKEN
                                                                                                       {
                                                                                                        TP_SYMBOL_IDENTIFIER
                                                                                                        TP_SYMBOL_UNSPECIFIED_KIND
                                                                                                        TP_SYMBOL_UNSPECIFIED_TYPE
                                                                                                         member_line(9)
                                                                                                         member_column(20)
                                                                                                         member_string(value2)
                                                                                                        TP_VALUE_TYPE(UNKNOWN_VALUE_TYPE: 0)
                                                                                                       }

                                                                                                   }

                                                                                               }

                                                                                           }

                                                                                       }

                                                                                   }

                                                                                TP_PARSE_TREE_TYPE_TOKEN
                                                                                   {
                                                                                    TP_SYMBOL_PUNCTUATOR
                                                                                    TP_SYMBOL_KIND_PLUS
                                                                                    TP_SYMBOL_UNSPECIFIED_TYPE
                                                                                     member_line(9)
                                                                                     member_column(27)
                                                                                     member_string(+)
                                                                                    TP_VALUE_TYPE(UNKNOWN_VALUE_TYPE: 0)
                                                                                   }

                                                                                TP_PARSE_TREE_TYPE_NODE
                                                                                   {
                                                                                    TP_PARSE_TREE_GRAMMER(UNKNOWN_GRAMMER: 112)
                                                                                    TP_PARSE_TREE_TYPE_NODE
                                                                                       {
                                                                                        TP_PARSE_TREE_GRAMMER(UNKNOWN_GRAMMER: 109)
                                                                                        TP_PARSE_TREE_TYPE_NODE
                                                                                           {
                                                                                            TP_PARSE_TREE_GRAMMER(UNKNOWN_GRAMMER: 103)
                                                                                            TP_PARSE_TREE_TYPE_NODE
                                                                                               {
                                                                                                TP_PARSE_TREE_GRAMMER(UNKNOWN_GRAMMER: 93)
                                                                                                TP_PARSE_TREE_TYPE_NODE
                                                                                                   {
                                                                                                    TP_PARSE_TREE_GRAMMER(UNKNOWN_GRAMMER: 83)
                                                                                                    TP_PARSE_TREE_TYPE_TOKEN
                                                                                                       {
                                                                                                        TP_SYMBOL_CONSTANT
                                                                                                        TP_SYMBOL_KIND_INTEGER_CONSTANT
                                                                                                        TP_SYMBOL_UNSPECIFIED_TYPE
                                                                                                         member_line(9)
                                                                                                         member_column(29)
                                                                                                         member_string(100)
                                                                                                         member_int_value(100)
                                                                                                       }

                                                                                                   }

                                                                                               }

                                                                                           }

                                                                                       }

                                                                                   }

                                                                               }

                                                                           }

                                                                       }

                                                                   }

                                                               }

                                                           }

                                                       }

                                                   }

                                               }

                                           }

                                       }

                                   }

                                TP_PARSE_TREE_TYPE_TOKEN
                                   {
                                    TP_SYMBOL_PUNCTUATOR
                                    TP_SYMBOL_KIND_SEMICOLON
                                    TP_SYMBOL_UNSPECIFIED_TYPE
                                     member_line(9)
                                     member_column(32)
                                     member_string(;)
                                    TP_VALUE_TYPE(UNKNOWN_VALUE_TYPE: 0)
                                   }

                               }

                           }

                       }

                   }

                TP_PARSE_TREE_TYPE_TOKEN
                   {
                    TP_SYMBOL_PUNCTUATOR
                    TP_SYMBOL_KIND_RIGHT_CURLY_BRACKET
                    TP_SYMBOL_UNSPECIFIED_TYPE
                     member_line(10)
                     member_column(34)
                     member_string(})
                    TP_VALUE_TYPE(UNKNOWN_VALUE_TYPE: 0)
                   }

               }

           }

       }

   }

